# JRE version: Java(TM) SE Runtime Environment (8.0_202-b08) (build 1.8.0_202-b08)
# Java VM: Java HotSpot(TM) 64-Bit Server VM (25.202-b08 mixed mode bsd-amd64 compressed oops)
Heap:
 PSYoungGen      total 232960K, used 121538K [0x000000076ab00000, 0x0000000779b80000, 0x00000007c0000000)
  eden space 222208K, 54% used [0x000000076ab00000,0x00000007721b09e8,0x0000000778400000)
  from space 10752K, 0% used [0x0000000778e80000,0x0000000778e80000,0x0000000779900000)
  to   space 10752K, 0% used [0x0000000778400000,0x0000000778400000,0x0000000778e80000)
 ParOldGen       total 128000K, used 12750K [0x00000006c0000000, 0x00000006c7d00000, 0x000000076ab00000)
  object space 128000K, 9% used [0x00000006c0000000,0x00000006c0c73a70,0x00000006c7d00000)
 Metaspace       used 40937K, capacity 43582K, committed 43648K, reserved 1087488K
  class space    used 5535K, capacity 6005K, committed 6016K, reserved 1048576K
GC Heap History (10 events):
Event: 1.055 GC heap before
{Heap before GC invocations=2 (full 0):
 PSYoungGen      total 76288K, used 54209K [0x000000076ab00000, 0x0000000774000000, 0x00000007c0000000)
  eden space 65536K, 70% used [0x000000076ab00000,0x000000076d7d6110,0x000000076eb00000)
  from space 10752K, 77% used [0x000000076eb00000,0x000000076f31a638,0x000000076f580000)
  to   space 10752K, 0% used [0x0000000773580000,0x0000000773580000,0x0000000774000000)
 ParOldGen       total 175104K, used 8K [0x00000006c0000000, 0x00000006cab00000, 0x000000076ab00000)
  object space 175104K, 0% used [0x00000006c0000000,0x00000006c0002000,0x00000006cab00000)
 Metaspace       used 20479K, capacity 21252K, committed 21296K, reserved 1067008K
  class space    used 2705K, capacity 2909K, committed 2944K, reserved 1048576K
Event: 1.070 GC heap after
Heap after GC invocations=2 (full 0):
 PSYoungGen      total 141824K, used 10648K [0x000000076ab00000, 0x0000000774000000, 0x00000007c0000000)
  eden space 131072K, 0% used [0x000000076ab00000,0x000000076ab00000,0x0000000772b00000)
  from space 10752K, 99% used [0x0000000773580000,0x0000000773fe60f8,0x0000000774000000)
  to   space 10752K, 0% used [0x0000000772b00000,0x0000000772b00000,0x0000000773580000)
 ParOldGen       total 175104K, used 16K [0x00000006c0000000, 0x00000006cab00000, 0x000000076ab00000)
  object space 175104K, 0% used [0x00000006c0000000,0x00000006c0004000,0x00000006cab00000)
 Metaspace       used 20479K, capacity 21252K, committed 21296K, reserved 1067008K
  class space    used 2705K, capacity 2909K, committed 2944K, reserved 1048576K
}
Event: 1.070 GC heap before
{Heap before GC invocations=3 (full 1):
 PSYoungGen      total 141824K, used 10648K [0x000000076ab00000, 0x0000000774000000, 0x00000007c0000000)
  eden space 131072K, 0% used [0x000000076ab00000,0x000000076ab00000,0x0000000772b00000)
  from space 10752K, 99% used [0x0000000773580000,0x0000000773fe60f8,0x0000000774000000)
  to   space 10752K, 0% used [0x0000000772b00000,0x0000000772b00000,0x0000000773580000)
 ParOldGen       total 175104K, used 16K [0x00000006c0000000, 0x00000006cab00000, 0x000000076ab00000)
  object space 175104K, 0% used [0x00000006c0000000,0x00000006c0004000,0x00000006cab00000)
 Metaspace       used 20479K, capacity 21252K, committed 21296K, reserved 1067008K
  class space    used 2705K, capacity 2909K, committed 2944K, reserved 1048576K
Event: 1.086 GC heap after
Heap after GC invocations=3 (full 1):
 PSYoungGen      total 141824K, used 0K [0x000000076ab00000, 0x0000000774000000, 0x00000007c0000000)
  eden space 131072K, 0% used [0x000000076ab00000,0x000000076ab00000,0x0000000772b00000)
  from space 10752K, 0% used [0x0000000773580000,0x0000000773580000,0x0000000774000000)
  to   space 10752K, 0% used [0x0000000772b00000,0x0000000772b00000,0x0000000773580000)
 ParOldGen       total 92672K, used 10110K [0x00000006c0000000, 0x00000006c5a80000, 0x000000076ab00000)
  object space 92672K, 10% used [0x00000006c0000000,0x00000006c09dfa90,0x00000006c5a80000)
 Metaspace       used 20479K, capacity 21252K, committed 21296K, reserved 1067008K
  class space    used 2705K, capacity 2909K, committed 2944K, reserved 1048576K
}
Event: 2.310 GC heap before
{Heap before GC invocations=4 (full 1):
 PSYoungGen      total 141824K, used 131072K [0x000000076ab00000, 0x0000000774000000, 0x00000007c0000000)
  eden space 131072K, 100% used [0x000000076ab00000,0x0000000772b00000,0x0000000772b00000)
  from space 10752K, 0% used [0x0000000773580000,0x0000000773580000,0x0000000774000000)
  to   space 10752K, 0% used [0x0000000772b00000,0x0000000772b00000,0x0000000773580000)
 ParOldGen       total 92672K, used 10110K [0x00000006c0000000, 0x00000006c5a80000, 0x000000076ab00000)
  object space 92672K, 10% used [0x00000006c0000000,0x00000006c09dfa90,0x00000006c5a80000)
 Metaspace       used 30840K, capacity 32734K, committed 33024K, reserved 1077248K
  class space    used 4153K, capacity 4521K, committed 4608K, reserved 1048576K
Event: 2.324 GC heap after
Heap after GC invocations=4 (full 1):
 PSYoungGen      total 141824K, used 10733K [0x000000076ab00000, 0x0000000779900000, 0x00000007c0000000)
  eden space 131072K, 0% used [0x000000076ab00000,0x000000076ab00000,0x0000000772b00000)
  from space 10752K, 99% used [0x0000000772b00000,0x000000077357b708,0x0000000773580000)
  to   space 10752K, 0% used [0x0000000778e80000,0x0000000778e80000,0x0000000779900000)
 ParOldGen       total 92672K, used 14956K [0x00000006c0000000, 0x00000006c5a80000, 0x000000076ab00000)
  object space 92672K, 16% used [0x00000006c0000000,0x00000006c0e9b0a0,0x00000006c5a80000)
 Metaspace       used 30840K, capacity 32734K, committed 33024K, reserved 1077248K
  class space    used 4153K, capacity 4521K, committed 4608K, reserved 1048576K
}
Event: 2.507 GC heap before
{Heap before GC invocations=5 (full 1):
 PSYoungGen      total 141824K, used 29294K [0x000000076ab00000, 0x0000000779900000, 0x00000007c0000000)
  eden space 131072K, 14% used [0x000000076ab00000,0x000000076bd20288,0x0000000772b00000)
  from space 10752K, 99% used [0x0000000772b00000,0x000000077357b708,0x0000000773580000)
  to   space 10752K, 0% used [0x0000000778e80000,0x0000000778e80000,0x0000000779900000)
 ParOldGen       total 92672K, used 14956K [0x00000006c0000000, 0x00000006c5a80000, 0x000000076ab00000)
  object space 92672K, 16% used [0x00000006c0000000,0x00000006c0e9b0a0,0x00000006c5a80000)
 Metaspace       used 33315K, capacity 35310K, committed 35456K, reserved 1079296K
  class space    used 4502K, capacity 4888K, committed 4992K, reserved 1048576K
Event: 2.516 GC heap after
Heap after GC invocations=5 (full 1):
 PSYoungGen      total 232960K, used 8730K [0x000000076ab00000, 0x0000000779b80000, 0x00000007c0000000)
  eden space 222208K, 0% used [0x000000076ab00000,0x000000076ab00000,0x0000000778400000)
  from space 10752K, 81% used [0x0000000778e80000,0x00000007797069f0,0x0000000779900000)
  to   space 10752K, 0% used [0x0000000778400000,0x0000000778400000,0x0000000778e80000)
 ParOldGen       total 92672K, used 14964K [0x00000006c0000000, 0x00000006c5a80000, 0x000000076ab00000)
  object space 92672K, 16% used [0x00000006c0000000,0x00000006c0e9d0a0,0x00000006c5a80000)
 Metaspace       used 33315K, capacity 35310K, committed 35456K, reserved 1079296K
  class space    used 4502K, capacity 4888K, committed 4992K, reserved 1048576K
}
Event: 2.516 GC heap before
{Heap before GC invocations=6 (full 2):
 PSYoungGen      total 232960K, used 8730K [0x000000076ab00000, 0x0000000779b80000, 0x00000007c0000000)
  eden space 222208K, 0% used [0x000000076ab00000,0x000000076ab00000,0x0000000778400000)
  from space 10752K, 81% used [0x0000000778e80000,0x00000007797069f0,0x0000000779900000)
  to   space 10752K, 0% used [0x0000000778400000,0x0000000778400000,0x0000000778e80000)
 ParOldGen       total 92672K, used 14964K [0x00000006c0000000, 0x00000006c5a80000, 0x000000076ab00000)
  object space 92672K, 16% used [0x00000006c0000000,0x00000006c0e9d0a0,0x00000006c5a80000)
 Metaspace       used 33315K, capacity 35310K, committed 35456K, reserved 1079296K
  class space    used 4502K, capacity 4888K, committed 4992K, reserved 1048576K
Event: 2.551 GC heap after
Heap after GC invocations=6 (full 2):
 PSYoungGen      total 232960K, used 0K [0x000000076ab00000, 0x0000000779b80000, 0x00000007c0000000)
  eden space 222208K, 0% used [0x000000076ab00000,0x000000076ab00000,0x0000000778400000)
  from space 10752K, 0% used [0x0000000778e80000,0x0000000778e80000,0x0000000779900000)
  to   space 10752K, 0% used [0x0000000778400000,0x0000000778400000,0x0000000778e80000)
 ParOldGen       total 128000K, used 12750K [0x00000006c0000000, 0x00000006c7d00000, 0x000000076ab00000)
  object space 128000K, 9% used [0x00000006c0000000,0x00000006c0c73a70,0x00000006c7d00000)
 Metaspace       used 33315K, capacity 35310K, committed 35456K, reserved 1079296K
  class space    used 4502K, capacity 4888K, committed 4992K, reserved 1048576K
}

